Could not find this file:
 getting-started-with-your-free-trial-account.md in: 
 pages/documents/GettingStarted/


Could not find this file:
 do-more-with-the-conversational-cloud.md in: 
 pages/documents/GettingStarted/


Could not find this file:
 customizing-the-conversational-cloud.md in: 
 pages/documents/GettingStarted/


Could not find this file:
 starting-with-your-concierge-bot.md in: 
 pages/documents/GettingStarted/


API Guidelines folder doesn't exist or is not named properly. 


Could not find this file:
 api-guidelines.md in: 
 pages/documents/GettingStarted/APIGuidelines/


Could not find this file:
 add-your-own-widgets-to-the-agent-workspace.md in: 
 pages/documents/AgentExperience/AddAgentWidgets/


Could not find this file:
 add-agent-widgets.md in: 
 pages/documents/AgentExperience/AddAgentWidgets/


Could not find this file:
 public-model-structure.md in: 
 pages/documents/AgentExperience/AgentWorkspaceWidgetSDK/


Could not find this file:
 release-notes.md in: 
 pages/documents/AgentExperience/AgentWorkspaceWidgetSDK/


Could not find this file:
 agent-workspace-widget-sdk.md in: 
 pages/documents/AgentExperience/AgentWorkspaceWidgetSDK/


Could not find this file:
 overview.md in: 
 pages/documents/AgentExperience/ChatAgentAPI/


Could not find this file:
 determine-incoming-chat-request.md in: 
 pages/documents/AgentExperience/ChatAgentAPI/Methods/


Could not find this file:
 accept-a-chat.md in: 
 pages/documents/AgentExperience/ChatAgentAPI/Methods/


Could not find this file:
 retrieve-chat-resources,-events-and-information.md in: 
 pages/documents/AgentExperience/ChatAgentAPI/Methods/


Could not find this file:
 retrieve-data-for-multiple-chats.md in: 
 pages/documents/AgentExperience/ChatAgentAPI/Methods/


Could not find this file:
 send-lines-and-structured-content.md in: 
 pages/documents/AgentExperience/ChatAgentAPI/Methods/


Could not find this file:
 retrieve-chat-information.md in: 
 pages/documents/AgentExperience/ChatAgentAPI/Methods/


Could not find this file:
 retrieve-visitor's-name.md in: 
 pages/documents/AgentExperience/ChatAgentAPI/Methods/


Could not find this file:
 retrieve-agent's-typing-status.md in: 
 pages/documents/AgentExperience/ChatAgentAPI/Methods/


Could not find this file:
 set-agent's-typing-status.md in: 
 pages/documents/AgentExperience/ChatAgentAPI/Methods/


Could not find this file:
 retrieve-visitor's-typing-status.md in: 
 pages/documents/AgentExperience/ChatAgentAPI/Methods/


Could not find this file:
 retrieve-available-skills.md in: 
 pages/documents/AgentExperience/ChatAgentAPI/Methods/


Could not find this file:
 transfer-a-chat.md in: 
 pages/documents/AgentExperience/ChatAgentAPI/Methods/


Could not find this file:
 submit-survey-data.md in: 
 pages/documents/AgentExperience/ChatAgentAPI/Methods/


Could not find this file:
 methods.md in: 
 pages/documents/AgentExperience/ChatAgentAPI/


Could not find this file:
 sample-app.md in: 
 pages/documents/AgentExperience/ChatAgentAPI/


Could not find this file:
 chat-agent-api.md in: 
 pages/documents/AgentExperience/ChatAgentAPI/


Could not find this file:
 overview.md in: 
 pages/documents/ConversationalAI/ConversationalAI/


Could not find this file:
 conversational-ai.md in: 
 pages/documents/ConversationalAI/ConversationalAI/


Tutorials & Guides folder doesn't exist or is not named properly. 


UNIQUE FILE Tutorials & Guides
UNIQUE FILE fixed Tutorials&Guides
Could not find this file:
 tutorials&guides.md in: 
 pages/documents/ConversationalAI/ConversationBuilder/


Could not find this file:
 bot-workspace.md in: 
 pages/documents/ConversationalAI/ConversationBuilder/


Could not find this file:
 custom-bots.md in: 
 pages/documents/ConversationalAI/ConversationBuilder/Bots/


Could not find this file:
 post-conversation-survey-bots.md in: 
 pages/documents/ConversationalAI/ConversationBuilder/Bots/


Could not find this file:
 bot-basics.md in: 
 pages/documents/ConversationalAI/ConversationBuilder/Bots/


Could not find this file:
 bot-groups.md in: 
 pages/documents/ConversationalAI/ConversationBuilder/Bots/


Could not find this file:
 bot-to-bot-transfers.md in: 
 pages/documents/ConversationalAI/ConversationBuilder/Bots/


Could not find this file:
 bots.md in: 
 pages/documents/ConversationalAI/ConversationBuilder/


Could not find this file:
 apply-for-a-loan.md in: 
 pages/documents/ConversationalAI/ConversationBuilder/BotTemplates/


Could not find this file:
 full-lead-gen.md in: 
 pages/documents/ConversationalAI/ConversationBuilder/BotTemplates/


Could not find this file:
 insurance-quote.md in: 
 pages/documents/ConversationalAI/ConversationBuilder/BotTemplates/


Could not find this file:
 order-status.md in: 
 pages/documents/ConversationalAI/ConversationBuilder/BotTemplates/


Could not find this file:
 simple-faq.md in: 
 pages/documents/ConversationalAI/ConversationBuilder/BotTemplates/


Could not find this file:
 simple-lead-gen.md in: 
 pages/documents/ConversationalAI/ConversationBuilder/BotTemplates/


Could not find this file:
 simple-router.md in: 
 pages/documents/ConversationalAI/ConversationBuilder/BotTemplates/


Could not find this file:
 travel-notification.md in: 
 pages/documents/ConversationalAI/ConversationBuilder/BotTemplates/


Could not find this file:
 maven-concierge.md in: 
 pages/documents/ConversationalAI/ConversationBuilder/BotTemplates/


Could not find this file:
 bot-templates.md in: 
 pages/documents/ConversationalAI/ConversationBuilder/


Could not find this file:
 dialog-basics.md in: 
 pages/documents/ConversationalAI/ConversationBuilder/Dialogs/


Could not find this file:
 standard-dialogs.md in: 
 pages/documents/ConversationalAI/ConversationBuilder/Dialogs/


Could not find this file:
 fallback-dialogs.md in: 
 pages/documents/ConversationalAI/ConversationBuilder/Dialogs/


Could not find this file:
 disambiguation-dialogs.md in: 
 pages/documents/ConversationalAI/ConversationBuilder/Dialogs/


Could not find this file:
 auto-escalation-dialogs.md in: 
 pages/documents/ConversationalAI/ConversationBuilder/Dialogs/


Could not find this file:
 dialogs.md in: 
 pages/documents/ConversationalAI/ConversationBuilder/


Could not find this file:
 interaction-basics.md in: 
 pages/documents/ConversationalAI/ConversationBuilder/Interactions/


Could not find this file:
 interaction-support.md in: 
 pages/documents/ConversationalAI/ConversationBuilder/Interactions/


Could not find this file:
 dialog-starter.md in: 
 pages/documents/ConversationalAI/ConversationBuilder/Interactions/


Could not find this file:
 statements.md in: 
 pages/documents/ConversationalAI/ConversationBuilder/Interactions/


Could not find this file:
 questions.md in: 
 pages/documents/ConversationalAI/ConversationBuilder/Interactions/


Could not find this file:
 integrations.md in: 
 pages/documents/ConversationalAI/ConversationBuilder/Interactions/


UNIQUE FILE Configuration - Next Action
Could not find this file:
 configuration-next-action.md in: 
 pages/documents/ConversationalAI/ConversationBuilder/Interactions/


UNIQUE FILE Configuration - Custom Code
Could not find this file:
 configuration-custom-code.md in: 
 pages/documents/ConversationalAI/ConversationBuilder/Interactions/


UNIQUE FILE Configuration - Settings
Could not find this file:
 configuration-settings.md in: 
 pages/documents/ConversationalAI/ConversationBuilder/Interactions/


Could not find this file:
 troubleshooting.md in: 
 pages/documents/ConversationalAI/ConversationBuilder/Interactions/


Could not find this file:
 interactions.md in: 
 pages/documents/ConversationalAI/ConversationBuilder/


UNIQUE FILE Variables & Slots
UNIQUE FILE fixed Variables&Slots
Could not find this file:
 variables&slots.md in: 
 pages/documents/ConversationalAI/ConversationBuilder/


Could not find this file:
 integration-basics.md in: 
 pages/documents/ConversationalAI/ConversationBuilder/Integrations/


Could not find this file:
 api-integrations.md in: 
 pages/documents/ConversationalAI/ConversationBuilder/Integrations/


Could not find this file:
 email-integrations.md in: 
 pages/documents/ConversationalAI/ConversationBuilder/Integrations/


Could not find this file:
 knowledge-base-integrations.md in: 
 pages/documents/ConversationalAI/ConversationBuilder/Integrations/


Could not find this file:
 liveperson-agent-escalation-integrations.md in: 
 pages/documents/ConversationalAI/ConversationBuilder/Integrations/


Could not find this file:
 file-integrations.md in: 
 pages/documents/ConversationalAI/ConversationBuilder/Integrations/


Could not find this file:
 liveperson-functions-integrations.md in: 
 pages/documents/ConversationalAI/ConversationBuilder/Integrations/


Could not find this file:
 web-view-integration-api.md in: 
 pages/documents/ConversationalAI/ConversationBuilder/Integrations/


Could not find this file:
 troubleshooting.md in: 
 pages/documents/ConversationalAI/ConversationBuilder/Integrations/


Could not find this file:
 integrations.md in: 
 pages/documents/ConversationalAI/ConversationBuilder/


Could not find this file:
 environment-variables.md in: 
 pages/documents/ConversationalAI/ConversationBuilder/


UNIQUE FILE Versions & Releases
UNIQUE FILE fixed Versions&Releases
Could not find this file:
 versions&releases.md in: 
 pages/documents/ConversationalAI/ConversationBuilder/


Could not find this file:
 functions-list.md in: 
 pages/documents/ConversationalAI/ConversationBuilder/ScriptingFunctions/


UNIQUE FILE Get & Set Contextual Data
UNIQUE FILE fixed Get&Set Contextual Data
Could not find this file:
 get&set-contextual-data.md in: 
 pages/documents/ConversationalAI/ConversationBuilder/ScriptingFunctions/


Could not find this file:
 get-user-data.md in: 
 pages/documents/ConversationalAI/ConversationBuilder/ScriptingFunctions/


Could not find this file:
 get-integration-data.md in: 
 pages/documents/ConversationalAI/ConversationBuilder/ScriptingFunctions/


Could not find this file:
 send-messages.md in: 
 pages/documents/ConversationalAI/ConversationBuilder/ScriptingFunctions/


Could not find this file:
 manage-conversation-flow.md in: 
 pages/documents/ConversationalAI/ConversationBuilder/ScriptingFunctions/


UNIQUE FILE Log & Debug
UNIQUE FILE fixed Log&Debug
Could not find this file:
 log&debug.md in: 
 pages/documents/ConversationalAI/ConversationBuilder/ScriptingFunctions/


Could not find this file:
 manage-the-context-session-store.md in: 
 pages/documents/ConversationalAI/ConversationBuilder/ScriptingFunctions/


Could not find this file:
 deprecated-functions.md in: 
 pages/documents/ConversationalAI/ConversationBuilder/ScriptingFunctions/


Could not find this file:
 scripting-functions.md in: 
 pages/documents/ConversationalAI/ConversationBuilder/


Testing & Deployment folder doesn't exist or is not named properly. 


UNIQUE FILE Testing & Deployment
UNIQUE FILE fixed Testing&Deployment
Could not find this file:
 testing&deployment.md in: 
 pages/documents/ConversationalAI/ConversationBuilder/


Could not find this file:
 advanced-use-cases.md in: 
 pages/documents/ConversationalAI/ConversationBuilder/


UNIQUE FILE Train & Tune NLU
UNIQUE FILE fixed Train&Tune NLU
Could not find this file:
 train&tune-nlu.md in: 
 pages/documents/ConversationalAI/ConversationBuilder/BestPractices/


Could not find this file:
 custom-event-logging.md in: 
 pages/documents/ConversationalAI/ConversationBuilder/BestPractices/


Could not find this file:
 reusable-components.md in: 
 pages/documents/ConversationalAI/ConversationBuilder/BestPractices/


Could not find this file:
 a-pre-launch-checklist.md in: 
 pages/documents/ConversationalAI/ConversationBuilder/BestPractices/


Could not find this file:
 best-practices.md in: 
 pages/documents/ConversationalAI/ConversationBuilder/


UNIQUE FILE Networking & Security
UNIQUE FILE fixed Networking&Security
Could not find this file:
 networking&security.md in: 
 pages/documents/ConversationalAI/ConversationBuilder/


Could not find this file:
 conversation-builder.md in: 
 pages/documents/ConversationalAI/ConversationBuilder/


Agent Assist folder doesn't exist or is not named properly. 


Could not find this file:
 agent-assist.md in: 
 pages/documents/ConversationalAI/ConversationOrchestrator/


Could not find this file:
 inbox-system-attributes.md in: 
 pages/documents/ConversationalAI/ConversationOrchestrator/ContextWarehouse/


Could not find this file:
 custom-static-or-function.md in: 
 pages/documents/ConversationalAI/ConversationOrchestrator/ContextWarehouse/


Could not find this file:
 context-session-store.md in: 
 pages/documents/ConversationalAI/ConversationOrchestrator/ContextWarehouse/


Could not find this file:
 context-warehouse.md in: 
 pages/documents/ConversationalAI/ConversationOrchestrator/


Could not find this file:
 tutorial.md in: 
 pages/documents/ConversationalAI/ConversationOrchestrator/DynamicRouting/


Could not find this file:
 use-conversation-orchestrator-with-your-bot.md in: 
 pages/documents/ConversationalAI/ConversationOrchestrator/DynamicRouting/


Could not find this file:
 using-sde-attributes-in-routing.md in: 
 pages/documents/ConversationalAI/ConversationOrchestrator/DynamicRouting/


Could not find this file:
 dynamic-routing.md in: 
 pages/documents/ConversationalAI/ConversationOrchestrator/


Could not find this file:
 recommendation-api.md in: 
 pages/documents/ConversationalAI/ConversationOrchestrator/


Could not find this file:
 conversation-orchestrator.md in: 
 pages/documents/ConversationalAI/ConversationOrchestrator/


Could not find this file:
 overview.md in: 
 pages/documents/ConversationalAI/IntentBuilder/


Could not find this file:
 natural-language-understanding.md in: 
 pages/documents/ConversationalAI/IntentBuilder/


Could not find this file:
 meta-intents.md in: 
 pages/documents/ConversationalAI/IntentBuilder/


Could not find this file:
 intent-builder.md in: 
 pages/documents/ConversationalAI/IntentBuilder/


Intent Analyzer folder doesn't exist or is not named properly. 


Could not find this file:
 intent-analyzer.md in: 
 pages/documents/ConversationalAI/IntentAnalyzer/


Could not find this file:
 overview.md in: 
 pages/documents/ConversationalAI/KnowledgeBase/


Could not find this file:
 knowledge-bases.md in: 
 pages/documents/ConversationalAI/KnowledgeBase/


Could not find this file:
 articles.md in: 
 pages/documents/ConversationalAI/KnowledgeBase/


Could not find this file:
 tutorial.md in: 
 pages/documents/ConversationalAI/KnowledgeBase/


Could not find this file:
 knowledge-base.md in: 
 pages/documents/ConversationalAI/KnowledgeBase/


Could not find this file:
 overview.md in: 
 pages/documents/ConversationalAI/BotAnalytics/


Could not find this file:
 leveraging-analytics.md in: 
 pages/documents/ConversationalAI/BotAnalytics/


Could not find this file:
 troubleshooting.md in: 
 pages/documents/ConversationalAI/BotAnalytics/


Could not find this file:
 bot-analytics.md in: 
 pages/documents/ConversationalAI/BotAnalytics/


Could not find this file:
 permissions.md in: 
 pages/documents/ConversationalAI/BotAccounts/


Could not find this file:
 bot-accounts.md in: 
 pages/documents/ConversationalAI/BotAccounts/


Third-Party Bots folder doesn't exist or is not named properly. 


Could not find this file:
 third-party-bots.md in: 
 pages/documents/ConversationalAI/Third-PartyBots/


Could not find this file:
 conversation-metadata-guide.md in: 
 pages/documents/ConversationalAI/MessagingAgentSDK/


Could not find this file:
 messaging-agent-sdk.md in: 
 pages/documents/ConversationalAI/MessagingAgentSDK/


Could not find this file:
 overview.md in: 
 pages/documents/ClientSideConfiguration/CustomizedChatWindows/


Could not find this file:
 create-an-api-based-window.md in: 
 pages/documents/ClientSideConfiguration/CustomizedChatWindows/


Could not find this file:
 create-an-api-engagement.md in: 
 pages/documents/ClientSideConfiguration/CustomizedChatWindows/


Page name: Overview in file does not match the layout spec: Customized Chat Windows
Instructions folder doesn't exist or is not named properly. 


Could not find this file:
 instructions.md in: 
 pages/documents/ClientSideConfiguration/EngagementWindowWidgetSDK/


Could not find this file:
 release-notes.md in: 
 pages/documents/ClientSideConfiguration/EngagementWindowWidgetSDK/


Could not find this file:
 engagement-window-widget-sdk.md in: 
 pages/documents/ClientSideConfiguration/EngagementWindowWidgetSDK/


Could not find this file:
 overview.md in: 
 pages/documents/ClientSideConfiguration/JavaScriptChatSDK/


Could not find this file:
 sample-app.md in: 
 pages/documents/ClientSideConfiguration/JavaScriptChatSDK/


Could not find this file:
 requestchat.md in: 
 pages/documents/ClientSideConfiguration/JavaScriptChatSDK/Methods/


Page name: GetRtSessionId in file does not match the layout spec: getRtSessionId
Could not find this file:
 methods.md in: 
 pages/documents/ClientSideConfiguration/JavaScriptChatSDK/


Page name: OnInit in file does not match the layout spec: onInit
Page name: OnEngagement in file does not match the layout spec: onEngagement
Could not find this file:
 events.md in: 
 pages/documents/ClientSideConfiguration/JavaScriptChatSDK/


Could not find this file:
 release-notes.md in: 
 pages/documents/ClientSideConfiguration/JavaScriptChatSDK/


Could not find this file:
 javascript-chat-sdk.md in: 
 pages/documents/ClientSideConfiguration/JavaScriptChatSDK/


Could not find this file:
 read-and-accept-events.md in: 
 pages/documents/ClientSideConfiguration/MessagingWindowAPI/Tutorials/


Could not find this file:
 post-conversation-survey-(pcs).md in: 
 pages/documents/ClientSideConfiguration/MessagingWindowAPI/Tutorials/


Could not find this file:
 post-conversation-survey-(csat).md in: 
 pages/documents/ClientSideConfiguration/MessagingWindowAPI/Tutorials/


Could not find this file:
 client-properties.md in: 
 pages/documents/ClientSideConfiguration/MessagingWindowAPI/Tutorials/


Could not find this file:
 avoid-websocket-headers.md in: 
 pages/documents/ClientSideConfiguration/MessagingWindowAPI/Tutorials/


Could not find this file:
 voice-and-video-calls.md in: 
 pages/documents/ClientSideConfiguration/MessagingWindowAPI/Tutorials/


Could not find this file:
 tutorials.md in: 
 pages/documents/ClientSideConfiguration/MessagingWindowAPI/


Could not find this file:
 javascript-sample.md in: 
 pages/documents/ClientSideConfiguration/MessagingWindowAPI/Samples/


Could not find this file:
 samples.md in: 
 pages/documents/ClientSideConfiguration/MessagingWindowAPI/


Could not find this file:
 get-agent-public-profile.md in: 
 pages/documents/ClientSideConfiguration/MessagingWindowAPI/APIReference/


Could not find this file:
 request-builder.md in: 
 pages/documents/ClientSideConfiguration/MessagingWindowAPI/APIReference/


Could not find this file:
 response-builder.md in: 
 pages/documents/ClientSideConfiguration/MessagingWindowAPI/APIReference/


Could not find this file:
 notification-builder.md in: 
 pages/documents/ClientSideConfiguration/MessagingWindowAPI/APIReference/


Could not find this file:
 new-conversation.md in: 
 pages/documents/ClientSideConfiguration/MessagingWindowAPI/APIReference/


Could not find this file:
 close-conversation.md in: 
 pages/documents/ClientSideConfiguration/MessagingWindowAPI/APIReference/


Could not find this file:
 send-consumer-satisfaction-(csat).md in: 
 pages/documents/ClientSideConfiguration/MessagingWindowAPI/APIReference/


Could not find this file:
 subscribe-to-conversation-metadata.md in: 
 pages/documents/ClientSideConfiguration/MessagingWindowAPI/APIReference/


Could not find this file:
 unsubscribe-from-conversation-metadata.md in: 
 pages/documents/ClientSideConfiguration/MessagingWindowAPI/APIReference/


Could not find this file:
 publishing-text-content.md in: 
 pages/documents/ClientSideConfiguration/MessagingWindowAPI/APIReference/


Could not find this file:
 subscribe-to-messaging-events.md in: 
 pages/documents/ClientSideConfiguration/MessagingWindowAPI/APIReference/


Could not find this file:
 consumer-token-creation.md in: 
 pages/documents/ClientSideConfiguration/MessagingWindowAPI/APIReference/


Could not find this file:
 init-connection.md in: 
 pages/documents/ClientSideConfiguration/MessagingWindowAPI/APIReference/


Could not find this file:
 generate-upload-url.md in: 
 pages/documents/ClientSideConfiguration/MessagingWindowAPI/APIReference/


Could not find this file:
 generate-download-url.md in: 
 pages/documents/ClientSideConfiguration/MessagingWindowAPI/APIReference/


Could not find this file:
 api-reference.md in: 
 pages/documents/ClientSideConfiguration/MessagingWindowAPI/


Could not find this file:
 messaging-window-api.md in: 
 pages/documents/ClientSideConfiguration/MessagingWindowAPI/


Could not find this file:
 messaging-window-sdk.md in: 
 pages/documents/ClientSideConfiguration/MessagingWindowSDK/


Could not find this file:
 overview.md in: 
 pages/documents/ClientSideConfiguration/ServerChatAPI/


Could not find this file:
 retrieve-chat-resources,-events-and-information.md in: 
 pages/documents/ClientSideConfiguration/ServerChatAPI/Methods/


UNIQUE FILE Add Lines / End Chat
UNIQUE FILE fixed Add Lines/End Chat
Could not find this file:
 add-lines/end-chat.md in: 
 pages/documents/ClientSideConfiguration/ServerChatAPI/Methods/


Could not find this file:
 retrieve-visitor's-name.md in: 
 pages/documents/ClientSideConfiguration/ServerChatAPI/Methods/


Could not find this file:
 retrieve-the-visitor's-typing-status.md in: 
 pages/documents/ClientSideConfiguration/ServerChatAPI/Methods/


Could not find this file:
 retrieve-the-agent's-typing-status.md in: 
 pages/documents/ClientSideConfiguration/ServerChatAPI/Methods/


Could not find this file:
 set-the-visitor's-typing-status.md in: 
 pages/documents/ClientSideConfiguration/ServerChatAPI/Methods/


Could not find this file:
 send-a-transcript.md in: 
 pages/documents/ClientSideConfiguration/ServerChatAPI/Methods/


Could not find this file:
 methods.md in: 
 pages/documents/ClientSideConfiguration/ServerChatAPI/


Could not find this file:
 sample-postman-collection.md in: 
 pages/documents/ClientSideConfiguration/ServerChatAPI/


Could not find this file:
 server-chat-api.md in: 
 pages/documents/ClientSideConfiguration/ServerChatAPI/


Could not find this file:
 quick-start.md in: 
 pages/documents/ClientSideConfiguration/WindowCustomizationAPI/


Could not find this file:
 samples.md in: 
 pages/documents/ClientSideConfiguration/WindowCustomizationAPI/


Could not find this file:
 window-customization-api.md in: 
 pages/documents/ClientSideConfiguration/WindowCustomizationAPI/


Could not find this file:
 overview.md in: 
 pages/documents/ContactCenterManagement/AgentGroupsAPI/


Page name: Get all Agent Groups in file does not match the layout spec: Get All Agent Groups
Could not find this file:
 get-agent-groups-by-id.md in: 
 pages/documents/ContactCenterManagement/AgentGroupsAPI/Methods/


Could not find this file:
 methods.md in: 
 pages/documents/ContactCenterManagement/AgentGroupsAPI/


Could not find this file:
 appendix.md in: 
 pages/documents/ContactCenterManagement/AgentGroupsAPI/


Could not find this file:
 agent-groups-api.md in: 
 pages/documents/ContactCenterManagement/AgentGroupsAPI/


Agent Survey For Messaging Configuration API folder doesn't exist or is not named properly. 


Could not find this file:
 agent-survey-for-messaging-configuration-api.md in: 
 pages/documents/ContactCenterManagement/AgentSurveyForMessagingConfigurationAPI/


Agent Survey For Messaging Runtime API folder doesn't exist or is not named properly. 


Could not find this file:
 agent-survey-for-messaging-runtime-api.md in: 
 pages/documents/ContactCenterManagement/AgentSurveyForMessagingRuntimeAPI/


Methods folder doesn't exist or is not named properly. 


Could not find this file:
 methods.md in: 
 pages/documents/ContactCenterManagement/AgentStatusReasonAPI/


Could not find this file:
 agent-status-reason-api.md in: 
 pages/documents/ContactCenterManagement/AgentStatusReasonAPI/


Could not find this file:
 methods.md in: 
 pages/documents/ContactCenterManagement/AutomaticMessagesAPI/


Could not find this file:
 automatic-messages-api.md in: 
 pages/documents/ContactCenterManagement/AutomaticMessagesAPI/


Could not find this file:
 retrieve-audit-trail-records.md in: 
 pages/documents/ContactCenterManagement/AuditTrailAPI/Methods/


Could not find this file:
 export-audit-trail-to-csv-file.md in: 
 pages/documents/ContactCenterManagement/AuditTrailAPI/Methods/


Could not find this file:
 methods.md in: 
 pages/documents/ContactCenterManagement/AuditTrailAPI/


Could not find this file:
 audit-trail-api.md in: 
 pages/documents/ContactCenterManagement/AuditTrailAPI/


Could not find this file:
 overview.md in: 
 pages/documents/ContactCenterManagement/LOBsAPI/


Could not find this file:
 methods.md in: 
 pages/documents/ContactCenterManagement/LOBsAPI/


Could not find this file:
 appendix.md in: 
 pages/documents/ContactCenterManagement/LOBsAPI/


Could not find this file:
 lobs-api.md in: 
 pages/documents/ContactCenterManagement/LOBsAPI/


Could not find this file:
 get-default-predefined-content-by-id.md in: 
 pages/documents/ContactCenterManagement/PredefinedContentAPI/Methods/


Could not find this file:
 predefined-content-query-delta.md in: 
 pages/documents/ContactCenterManagement/PredefinedContentAPI/Methods/


Could not find this file:
 create-predefined-content.md in: 
 pages/documents/ContactCenterManagement/PredefinedContentAPI/Methods/


Could not find this file:
 update-predefined-content.md in: 
 pages/documents/ContactCenterManagement/PredefinedContentAPI/Methods/


Could not find this file:
 get-predefined-content-items.md in: 
 pages/documents/ContactCenterManagement/PredefinedContentAPI/Methods/


Could not find this file:
 delete-predefined-content.md in: 
 pages/documents/ContactCenterManagement/PredefinedContentAPI/Methods/


Could not find this file:
 get-predefined-content-by-id.md in: 
 pages/documents/ContactCenterManagement/PredefinedContentAPI/Methods/


Could not find this file:
 delete-predefined-content-items.md in: 
 pages/documents/ContactCenterManagement/PredefinedContentAPI/Methods/


Could not find this file:
 get-default-predefined-content-items.md in: 
 pages/documents/ContactCenterManagement/PredefinedContentAPI/Methods/


Could not find this file:
 methods.md in: 
 pages/documents/ContactCenterManagement/PredefinedContentAPI/


Could not find this file:
 predefined-content-api.md in: 
 pages/documents/ContactCenterManagement/PredefinedContentAPI/


Could not find this file:
 categories-list.md in: 
 pages/documents/ContactCenterManagement/PredefinedCategoriesAPI/Methods/


Could not find this file:
 categories-list-by-revision.md in: 
 pages/documents/ContactCenterManagement/PredefinedCategoriesAPI/Methods/


Page name: Category By ID in file does not match the layout spec: Category by ID
Could not find this file:
 categories-query-delta.md in: 
 pages/documents/ContactCenterManagement/PredefinedCategoriesAPI/Methods/


Could not find this file:
 get-all-changes-query.md in: 
 pages/documents/ContactCenterManagement/PredefinedCategoriesAPI/Methods/


Could not find this file:
 create-category.md in: 
 pages/documents/ContactCenterManagement/PredefinedCategoriesAPI/Methods/


Could not find this file:
 update-category.md in: 
 pages/documents/ContactCenterManagement/PredefinedCategoriesAPI/Methods/


Could not find this file:
 delete-a-category.md in: 
 pages/documents/ContactCenterManagement/PredefinedCategoriesAPI/Methods/


Could not find this file:
 delete-multiple-categories.md in: 
 pages/documents/ContactCenterManagement/PredefinedCategoriesAPI/Methods/


Could not find this file:
 import-account-categories.md in: 
 pages/documents/ContactCenterManagement/PredefinedCategoriesAPI/Methods/


Could not find this file:
 import-categories-pre-validation.md in: 
 pages/documents/ContactCenterManagement/PredefinedCategoriesAPI/Methods/


Could not find this file:
 methods.md in: 
 pages/documents/ContactCenterManagement/PredefinedCategoriesAPI/


Could not find this file:
 predefined-categories-api.md in: 
 pages/documents/ContactCenterManagement/PredefinedCategoriesAPI/


Could not find this file:
 overview.md in: 
 pages/documents/ContactCenterManagement/ProfilesAPI/


Page name: Get profile by ID in file does not match the layout spec: Get Profile by ID
Page name: Create profile in file does not match the layout spec: Create Profile
Could not find this file:
 methods.md in: 
 pages/documents/ContactCenterManagement/ProfilesAPI/


Could not find this file:
 appendix.md in: 
 pages/documents/ContactCenterManagement/ProfilesAPI/


Could not find this file:
 profiles-api.md in: 
 pages/documents/ContactCenterManagement/ProfilesAPI/


Could not find this file:
 get-shift-status-by-account.md in: 
 pages/documents/ContactCenterManagement/ShiftStatusAPI/Methods/


Could not find this file:
 get-shift-status-by-skill.md in: 
 pages/documents/ContactCenterManagement/ShiftStatusAPI/Methods/


Could not find this file:
 methods.md in: 
 pages/documents/ContactCenterManagement/ShiftStatusAPI/


Could not find this file:
 shift-status-api.md in: 
 pages/documents/ContactCenterManagement/ShiftStatusAPI/


Could not find this file:
 overview.md in: 
 pages/documents/ContactCenterManagement/SkillsAPI/


Page name: Get all skills in file does not match the layout spec: Get All Skills
Page name: Get skill by ID in file does not match the layout spec: Get Skill by ID
Page name: Create skills in file does not match the layout spec: Create Skills
Page name: Update skill in file does not match the layout spec: Update Skill
Could not find this file:
 methods.md in: 
 pages/documents/ContactCenterManagement/SkillsAPI/


Could not find this file:
 appendix.md in: 
 pages/documents/ContactCenterManagement/SkillsAPI/


Could not find this file:
 skills-api.md in: 
 pages/documents/ContactCenterManagement/SkillsAPI/


Could not find this file:
 overview.md in: 
 pages/documents/ContactCenterManagement/UsersAPI/


Page name: Get all Users in file does not match the layout spec: Get All Users
Could not find this file:
 reset-user's-password.md in: 
 pages/documents/ContactCenterManagement/UsersAPI/Methods/


Could not find this file:
 methods.md in: 
 pages/documents/ContactCenterManagement/UsersAPI/


Could not find this file:
 appendix.md in: 
 pages/documents/ContactCenterManagement/UsersAPI/


Could not find this file:
 users-api.md in: 
 pages/documents/ContactCenterManagement/UsersAPI/


Could not find this file:
 methods.md in: 
 pages/documents/ContactCenterManagement/UnifiedAutomaticMessagesAPI/


Could not find this file:
 unified-automatic-messages-api.md in: 
 pages/documents/ContactCenterManagement/UnifiedAutomaticMessagesAPI/


Could not find this file:
 create-special-occasion.md in: 
 pages/documents/ContactCenterManagement/SpecialOccasionsAPI/Methods/


Could not find this file:
 update-special-occasion.md in: 
 pages/documents/ContactCenterManagement/SpecialOccasionsAPI/Methods/


Could not find this file:
 delete-special-occasion.md in: 
 pages/documents/ContactCenterManagement/SpecialOccasionsAPI/Methods/


Could not find this file:
 retrieve-special-occasion-by-id.md in: 
 pages/documents/ContactCenterManagement/SpecialOccasionsAPI/Methods/


Could not find this file:
 retrieve-special-occasions-by-list.md in: 
 pages/documents/ContactCenterManagement/SpecialOccasionsAPI/Methods/


Could not find this file:
 methods.md in: 
 pages/documents/ContactCenterManagement/SpecialOccasionsAPI/


Could not find this file:
 special-occasions-api.md in: 
 pages/documents/ContactCenterManagement/SpecialOccasionsAPI/


Could not find this file:
 create-workdays-object.md in: 
 pages/documents/ContactCenterManagement/WorkdaysAPI/Methods/


Could not find this file:
 update-workdays-object.md in: 
 pages/documents/ContactCenterManagement/WorkdaysAPI/Methods/


Could not find this file:
 delete-workdays-object.md in: 
 pages/documents/ContactCenterManagement/WorkdaysAPI/Methods/


Could not find this file:
 retrieve-workdays-object-by-id.md in: 
 pages/documents/ContactCenterManagement/WorkdaysAPI/Methods/


Could not find this file:
 retrieve-workdays-objects-by-list.md in: 
 pages/documents/ContactCenterManagement/WorkdaysAPI/Methods/


Could not find this file:
 methods.md in: 
 pages/documents/ContactCenterManagement/WorkdaysAPI/


Could not find this file:
 workdays-api.md in: 
 pages/documents/ContactCenterManagement/WorkdaysAPI/


LivePerson Functions folder doesn't exist or is not named properly. 


Could not find this file:
 liveperson-functions.md in: 
 pages/documents/DeveloperTools/LivePersonFunctions/


UNIQUE FILE Conversations - Content
Could not find this file:
 conversations-content.md in: 
 pages/documents/HistoricalData/ConsumerMessagingHistoryAPI/Methods/


UNIQUE FILE Conversations - Metadata
Could not find this file:
 methods.md in: 
 pages/documents/HistoricalData/ConsumerMessagingHistoryAPI/


Could not find this file:
 consumer-messaging-history-api.md in: 
 pages/documents/HistoricalData/ConsumerMessagingHistoryAPI/


Could not find this file:
 methods.md in: 
 pages/documents/HistoricalData/DataAccessAPI/


Could not find this file:
 pgp-encryption.md in: 
 pages/documents/HistoricalData/DataAccessAPI/


Could not find this file:
 data-access-api.md in: 
 pages/documents/HistoricalData/DataAccessAPI/


Could not find this file:
 methods.md in: 
 pages/documents/HistoricalData/EngagementHistoryAPI/


Could not find this file:
 engagement-attributes.md in: 
 pages/documents/HistoricalData/EngagementHistoryAPI/


Could not find this file:
 engagement-history-api.md in: 
 pages/documents/HistoricalData/EngagementHistoryAPI/


Page name: Get conversation by conversation ID in file does not match the layout spec: Get Conversation by Conversation ID
Could not find this file:
 methods.md in: 
 pages/documents/HistoricalData/MessagingInteractionsAPI/


Could not find this file:
 engagement-attributes.md in: 
 pages/documents/HistoricalData/MessagingInteractionsAPI/


Could not find this file:
 messaging-interactions-api.md in: 
 pages/documents/HistoricalData/MessagingInteractionsAPI/


Personal Data Deletion API folder doesn't exist or is not named properly. 


Could not find this file:
 personal-data-deletion-api.md in: 
 pages/documents/HistoricalData/PersonalDataDeletionAPI/


Could not find this file:
 retrieve-data-usage-logs.md in: 
 pages/documents/HistoricalData/DataUsageAuditAPI/Methods/


Could not find this file:
 methods.md in: 
 pages/documents/HistoricalData/DataUsageAuditAPI/


Could not find this file:
 data-usage-audit-api.md in: 
 pages/documents/HistoricalData/DataUsageAuditAPI/


Could not find this file:
 getting-started.md in: 
 pages/documents/MessagingChannels/ConnectorAPI/


Could not find this file:
 connector-sample-app.md in: 
 pages/documents/MessagingChannels/ConnectorAPI/


Could not find this file:
 overview.md in: 
 pages/documents/MessagingChannels/ConnectorAPI/SendAPI/


Could not find this file:
 authorization-and-authentication.md in: 
 pages/documents/MessagingChannels/ConnectorAPI/SendAPI/


Could not find this file:
 conversation.md in: 
 pages/documents/MessagingChannels/ConnectorAPI/SendAPI/


Could not find this file:
 send.md in: 
 pages/documents/MessagingChannels/ConnectorAPI/SendAPI/


Could not find this file:
 send-api.md in: 
 pages/documents/MessagingChannels/ConnectorAPI/


Could not find this file:
 notification-protocol.md in: 
 pages/documents/MessagingChannels/ConnectorAPI/Webhooks/


Could not find this file:
 retry-policy.md in: 
 pages/documents/MessagingChannels/ConnectorAPI/Webhooks/


Could not find this file:
 webhooks-examples.md in: 
 pages/documents/MessagingChannels/ConnectorAPI/Webhooks/


Could not find this file:
 webhooks.md in: 
 pages/documents/MessagingChannels/ConnectorAPI/


Could not find this file:
 connector-api.md in: 
 pages/documents/MessagingChannels/ConnectorAPI/


IVR Engagement API folder doesn't exist or is not named properly. 


Could not find this file:
 ivr-engagement-api.md in: 
 pages/documents/MessagingChannels/IVREngagementAPI/


Page name: Mobile Messaging SDK Overview in file does not match the layout spec: Overview
Could not find this file:
 quick-start.md in: 
 pages/documents/MessagingChannels/MobileAppMessagingSDKforAndroid/


Could not find this file:
 configure-the-android-sdk.md in: 
 pages/documents/MessagingChannels/MobileAppMessagingSDKforAndroid/


Could not find this file:
 push-notifications.md in: 
 pages/documents/MessagingChannels/MobileAppMessagingSDKforAndroid/


Could not find this file:
 audio-messages.md in: 
 pages/documents/MessagingChannels/MobileAppMessagingSDKforAndroid/AdvancedFeatures/


Could not find this file:
 campaigns.md in: 
 pages/documents/MessagingChannels/MobileAppMessagingSDKforAndroid/AdvancedFeatures/


Could not find this file:
 csat-behavior.md in: 
 pages/documents/MessagingChannels/MobileAppMessagingSDKforAndroid/AdvancedFeatures/


Could not find this file:
 photo-and-file-sharing.md in: 
 pages/documents/MessagingChannels/MobileAppMessagingSDKforAndroid/AdvancedFeatures/


Could not find this file:
 welcome-message-with-quick-replies.md in: 
 pages/documents/MessagingChannels/MobileAppMessagingSDKforAndroid/AdvancedFeatures/


Page name: Scroll Behavior configuration in file does not match the layout spec: Scroll Behavior Configuration
Could not find this file:
 advanced-features.md in: 
 pages/documents/MessagingChannels/MobileAppMessagingSDKforAndroid/


Could not find this file:
 monitoring-api.md in: 
 pages/documents/MessagingChannels/MobileAppMessagingSDKforAndroid/SDKAPIs/


Could not find this file:
 interface-and-class-definitions.md in: 
 pages/documents/MessagingChannels/MobileAppMessagingSDKforAndroid/SDKAPIs/


Could not find this file:
 sdk-apis.md in: 
 pages/documents/MessagingChannels/MobileAppMessagingSDKforAndroid/


Could not find this file:
 5.0-and-above.md in: 
 pages/documents/MessagingChannels/MobileAppMessagingSDKforAndroid/SDKAttributes/


Could not find this file:
 5.0-and-below.md in: 
 pages/documents/MessagingChannels/MobileAppMessagingSDKforAndroid/SDKAttributes/


Could not find this file:
 attributes-design-sheet.md in: 
 pages/documents/MessagingChannels/MobileAppMessagingSDKforAndroid/SDKAttributes/


Could not find this file:
 sdk-attributes.md in: 
 pages/documents/MessagingChannels/MobileAppMessagingSDKforAndroid/


Could not find this file:
 string-values.md in: 
 pages/documents/MessagingChannels/MobileAppMessagingSDKforAndroid/StringLocalization/


Could not find this file:
 plural-string-resource-example.md in: 
 pages/documents/MessagingChannels/MobileAppMessagingSDKforAndroid/StringLocalization/


Could not find this file:
 string-localization.md in: 
 pages/documents/MessagingChannels/MobileAppMessagingSDKforAndroid/


Could not find this file:
 latest-release-notes.md in: 
 pages/documents/MessagingChannels/MobileAppMessagingSDKforAndroid/


Could not find this file:
 all-release-notes.md in: 
 pages/documents/MessagingChannels/MobileAppMessagingSDKforAndroid/


Page name: Authentication for Android in file does not match the layout spec: Authentication
Could not find this file:
 sample-app.md in: 
 pages/documents/MessagingChannels/MobileAppMessagingSDKforAndroid/Resources/


Could not find this file:
 open-source-list-and-dependencies.md in: 
 pages/documents/MessagingChannels/MobileAppMessagingSDKforAndroid/Resources/


UNIQUE FILE Upgrade Guide - Android
Could not find this file:
 upgrade-guide-android.md in: 
 pages/documents/MessagingChannels/MobileAppMessagingSDKforAndroid/Resources/


Could not find this file:
 resources.md in: 
 pages/documents/MessagingChannels/MobileAppMessagingSDKforAndroid/


Could not find this file:
 mobile-app-messaging-sdk-for-android.md in: 
 pages/documents/MessagingChannels/MobileAppMessagingSDKforAndroid/


Page name: Mobile Messaging SDK Overview in file does not match the layout spec: Overview
Page name: iOS Quick Start in file does not match the layout spec: Quick Start
Could not find this file:
 configure-the-ios-sdk.md in: 
 pages/documents/MessagingChannels/MobileAppMessagingSDKforiOS/


Could not find this file:
 push-notifications.md in: 
 pages/documents/MessagingChannels/MobileAppMessagingSDKforiOS/


Could not find this file:
 audio-messages.md in: 
 pages/documents/MessagingChannels/MobileAppMessagingSDKforiOS/AdvancedFeatures/


Could not find this file:
 campaigns.md in: 
 pages/documents/MessagingChannels/MobileAppMessagingSDKforiOS/AdvancedFeatures/


Could not find this file:
 csat-behavior.md in: 
 pages/documents/MessagingChannels/MobileAppMessagingSDKforiOS/AdvancedFeatures/


Could not find this file:
 photo-and-file-sharing.md in: 
 pages/documents/MessagingChannels/MobileAppMessagingSDKforiOS/AdvancedFeatures/


Could not find this file:
 unauthenticated-in-app-messaging.md in: 
 pages/documents/MessagingChannels/MobileAppMessagingSDKforiOS/AdvancedFeatures/


Could not find this file:
 welcome-message-with-quick-replies.md in: 
 pages/documents/MessagingChannels/MobileAppMessagingSDKforiOS/AdvancedFeatures/


Could not find this file:
 advanced-features.md in: 
 pages/documents/MessagingChannels/MobileAppMessagingSDKforiOS/


Could not find this file:
 messaging-api.md in: 
 pages/documents/MessagingChannels/MobileAppMessagingSDKforiOS/SDKAPIs/


Could not find this file:
 monitoring-api.md in: 
 pages/documents/MessagingChannels/MobileAppMessagingSDKforiOS/SDKAPIs/


Page name: Interface and class definitions in file does not match the layout spec: Interface and Class Definitions
Could not find this file:
 sdk-apis.md in: 
 pages/documents/MessagingChannels/MobileAppMessagingSDKforiOS/


Could not find this file:
 sdk-5.0-and-above.md in: 
 pages/documents/MessagingChannels/MobileAppMessagingSDKforiOS/SDKAttributes/


Could not find this file:
 sdk-4.1-and-below.md in: 
 pages/documents/MessagingChannels/MobileAppMessagingSDKforiOS/SDKAttributes/


Could not find this file:
 attributes-design-sheet.md in: 
 pages/documents/MessagingChannels/MobileAppMessagingSDKforiOS/SDKAttributes/


Could not find this file:
 sdk-attributes.md in: 
 pages/documents/MessagingChannels/MobileAppMessagingSDKforiOS/


Could not find this file:
 string-localization.md in: 
 pages/documents/MessagingChannels/MobileAppMessagingSDKforiOS/


Could not find this file:
 all-releases.md in: 
 pages/documents/MessagingChannels/MobileAppMessagingSDKforiOS/


Could not find this file:
 open-source-list.md in: 
 pages/documents/MessagingChannels/MobileAppMessagingSDKforiOS/Resources/


UNIQUE FILE Upgrade Guide - iOS
Could not find this file:
 upgrade-guide-ios.md in: 
 pages/documents/MessagingChannels/MobileAppMessagingSDKforiOS/Resources/


Could not find this file:
 resources.md in: 
 pages/documents/MessagingChannels/MobileAppMessagingSDKforiOS/


Could not find this file:
 mobile-app-messaging-sdk-for-ios.md in: 
 pages/documents/MessagingChannels/MobileAppMessagingSDKforiOS/


Could not find this file:
 apple-business-chat-sdk.md in: 
 pages/documents/MessagingChannels/AppleBusinessChatSDK/


Could not find this file:
 tls-authentication.md in: 
 pages/documents/MessagingChannels/PushNotificationService/


Could not find this file:
 http-response-codes.md in: 
 pages/documents/MessagingChannels/PushNotificationService/


Could not find this file:
 configuration-of-push-proxy.md in: 
 pages/documents/MessagingChannels/PushNotificationService/


Could not find this file:
 ip-whitelisting.md in: 
 pages/documents/MessagingChannels/PushNotificationService/


Could not find this file:
 push-notification-service.md in: 
 pages/documents/MessagingChannels/PushNotificationService/


Page name: Proactive Messaging API in file does not match the layout spec: API
Could not find this file:
 proactive-messaging.md in: 
 pages/documents/MessagingChannels/ProactiveMessaging/


 Real-TimeData folders doesn't exist or is not named properly. 


Could not find this file:
 getting-started-with-rich-messaging.md in: 
 pages/documents/RichMessaging/GettingStartedwithRichMessaging/


Mobile SDK and Web Templates folder doesn't exist or is not named properly. 


Could not find this file:
 mobile-sdk-and-web-templates.md in: 
 pages/documents/RichMessaging/MobileSDKandWebTemplates/


Page name: Time Picker in file does not match the layout spec: Time Picker Template
Could not find this file:
 apple-pay-template.md in: 
 pages/documents/RichMessaging/AppleBusinessChatTemplates/


Could not find this file:
 apple-auth-template.md in: 
 pages/documents/RichMessaging/AppleBusinessChatTemplates/


Could not find this file:
 custom-interactive-message-template.md in: 
 pages/documents/RichMessaging/AppleBusinessChatTemplates/


Could not find this file:
 rich-links-template.md in: 
 pages/documents/RichMessaging/AppleBusinessChatTemplates/


Could not find this file:
 apple-business-chat-templates.md in: 
 pages/documents/RichMessaging/AppleBusinessChatTemplates/


Could not find this file:
 facebook-messenger-templates.md in: 
 pages/documents/RichMessaging/FacebookMessengerTemplates/


Google RCS Business Messaging Templates folder doesn't exist or is not named properly. 


Could not find this file:
 google-rcs-business-messaging-templates.md in: 
 pages/documents/RichMessaging/GoogleRCSBusinessMessagingTemplates/


Could not find this file:
 quick-replies-template.md in: 
 pages/documents/RichMessaging/LINETemplates/


Could not find this file:
 line-templates.md in: 
 pages/documents/RichMessaging/LINETemplates/


 Security&Authentication folders doesn't exist or is not named properly. 


Could not find this file:
 methods.md in: 
 pages/documents/WebsiteMonitoring/AppEngagementAPI/


Could not find this file:
 impression-events-body-example.md in: 
 pages/documents/WebsiteMonitoring/AppEngagementAPI/


Could not find this file:
 app-engagement-api.md in: 
 pages/documents/WebsiteMonitoring/AppEngagementAPI/


Could not find this file:
 types-of-engagement-attributes.md in: 
 pages/documents/WebsiteMonitoring/EngagementAttributes/


Could not find this file:
 setting-up-engagement-attributes.md in: 
 pages/documents/WebsiteMonitoring/EngagementAttributes/


Could not find this file:
 best-practices.md in: 
 pages/documents/WebsiteMonitoring/EngagementAttributes/


Could not find this file:
 best-practices-for-messaging.md in: 
 pages/documents/WebsiteMonitoring/EngagementAttributes/


Could not find this file:
 engagement-attributes.md in: 
 pages/documents/WebsiteMonitoring/EngagementAttributes/


Could not find this file:
 engagement-attributes-api.md in: 
 pages/documents/WebsiteMonitoring/EngagementAttributesAPI/


Could not find this file:
 getengagementinfo.md in: 
 pages/documents/WebsiteMonitoring/EngagementTriggerAPI/Methods/


Could not find this file:
 getengagementstate.md in: 
 pages/documents/WebsiteMonitoring/EngagementTriggerAPI/Methods/


Could not find this file:
 methods.md in: 
 pages/documents/WebsiteMonitoring/EngagementTriggerAPI/


Could not find this file:
 engagement-trigger-api.md in: 
 pages/documents/WebsiteMonitoring/EngagementTriggerAPI/


Could not find this file:
 event-binding.md in: 
 pages/documents/WebsiteMonitoring/WebTag/Events/


Could not find this file:
 events.md in: 
 pages/documents/WebsiteMonitoring/WebTag/


Could not find this file:
 web-tag.md in: 
 pages/documents/WebsiteMonitoring/WebTag/


Could not find this file:
 installing-a-monitoring-api-application.md in: 
 pages/documents/WebsiteMonitoring/MonitoringAPI/


Could not find this file:
 methods.md in: 
 pages/documents/WebsiteMonitoring/MonitoringAPI/


Could not find this file:
 monitoring-api.md in: 
 pages/documents/WebsiteMonitoring/MonitoringAPI/


Could not find this file:
 visit-information-api.md in: 
 pages/documents/WebsiteMonitoring/VisitInformationAPI/


 Solutions folders doesn't exist or is not named properly. 




 Number of errors:  393
